<?xml version="1.0" encoding="UTF-8"?>
<!-- Generated by org.testng.reporters.JUnitReportReporter -->
<testsuite skipped="0" hostname="RSLPTP1013" name="test.zaleniumDocker.ZaleniumGridDockerConcept" tests="2" failures="0" timestamp="31 Dec 2019 09:57:20 GMT" time="9.726" errors="0">
  <testcase name="validateTitle" time="0.769" classname="test.zaleniumDocker.ZaleniumGridDockerConcept"/>
  <testcase name="validateTitle" time="8.957" classname="test.zaleniumDocker.ZaleniumGridDockerConcept"/>
</testsuite> <!-- test.zaleniumDocker.ZaleniumGridDockerConcept -->
